<?xml version="1.0" encoding="UTF-8"?>
<testsuite xmlns:xsi="http://www.w3.org/2001/XMLSchema-instance" xsi:noNamespaceSchemaLocation="https://maven.apache.org/surefire/maven-surefire-plugin/xsd/surefire-test-report.xsd" version="3.0.2" name="com.movie.reservation.system.MovieReservationSystemApplicationTests" time="4.766" tests="1" errors="0" skipped="0" failures="0">
  <properties>
[...]
</properties>
  <testcase name="contextLoads" classname="com.movie.reservation.system.MovieReservationSystemApplicationTests" time="0.541">
    <system-out><![CDATA[20:16:18.936 [main] INFO org.springframework.test.context.support.AnnotationConfigContextLoaderUtils -- Could not detect default configuration classes for test class [com.movie.reservation.system.MovieReservationSystemApplicationTests]: MovieReservationSystemApplicationTests does not declare any static, non-private, non-final, nested classes annotated with @Configuration.
20:16:19.021 [main] INFO org.springframework.boot.test.context.SpringBootTestContextBootstrapper -- Found @SpringBootConfiguration com.movie.reservation.system.MovieReservationSystemApplication for test class com.movie.reservation.system.MovieReservationSystemApplicationTests
20:16:19.173 [main] INFO org.springframework.boot.devtools.restart.RestartApplicationListener -- Restart disabled due to context in which it is running

  .   ____          _            __ _ _
 /\\ / ___'_ __ _ _(_)_ __  __ _ \ \ \ \
( ( )\___ | '_ | '_| | '_ \/ _` | \ \ \ \
 \\/  ___)| |_)| | | | | || (_| |  ) ) ) )
  '  |____| .__|_| |_|_| |_\__, | / / / /
 =========|_|==============|___/=/_/_/_/

 :: Spring Boot ::                (v4.0.2)

2026-01-31T20:16:19.515+05:30  INFO 25568 --- [MovieReservationSystem] [           main] s.MovieReservationSystemApplicationTests : Starting MovieReservationSystemApplicationTests using Java 17.0.14 with PID 25568 (started by uaditya in C:\PP\MovieReservationSystem\MovieReservationSystem)
2026-01-31T20:16:19.516+05:30  INFO 25568 --- [MovieReservationSystem] [           main] s.MovieReservationSystemApplicationTests : No active profile set, falling back to 1 default profile: "default"
2026-01-31T20:16:20.219+05:30  INFO 25568 --- [MovieReservationSystem] [           main] .s.d.r.c.RepositoryConfigurationDelegate : Bootstrapping Spring Data JPA repositories in DEFAULT mode.
2026-01-31T20:16:20.242+05:30  INFO 25568 --- [MovieReservationSystem] [           main] .s.d.r.c.RepositoryConfigurationDelegate : Finished Spring Data repository scanning in 13 ms. Found 0 JPA repository interfaces.
2026-01-31T20:16:20.758+05:30  INFO 25568 --- [MovieReservationSystem] [           main] com.zaxxer.hikari.HikariDataSource       : HikariPool-1 - Starting...
2026-01-31T20:16:20.946+05:30  INFO 25568 --- [MovieReservationSystem] [           main] com.zaxxer.hikari.pool.HikariPool        : HikariPool-1 - Added connection conn0: url=jdbc:h2:mem:d1bf4e48-dff5-4d6f-a466-71644110c737 user=SA
2026-01-31T20:16:20.946+05:30  INFO 25568 --- [MovieReservationSystem] [           main] com.zaxxer.hikari.HikariDataSource       : HikariPool-1 - Start completed.
2026-01-31T20:16:21.003+05:30  INFO 25568 --- [MovieReservationSystem] [           main] org.hibernate.orm.jpa                    : HHH008540: Processing PersistenceUnitInfo [name: default]
2026-01-31T20:16:21.085+05:30  INFO 25568 --- [MovieReservationSystem] [           main] org.hibernate.orm.core                   : HHH000001: Hibernate ORM core version 7.2.1.Final
2026-01-31T20:16:21.609+05:30  INFO 25568 --- [MovieReservationSystem] [           main] o.s.o.j.p.SpringPersistenceUnitInfo      : No LoadTimeWeaver setup: ignoring JPA class transformer
2026-01-31T20:16:21.734+05:30  INFO 25568 --- [MovieReservationSystem] [           main] org.hibernate.orm.connections.pooling    : HHH10001005: Database info:
	Database JDBC URL [jdbc:h2:mem:d1bf4e48-dff5-4d6f-a466-71644110c737]
	Database driver: H2 JDBC Driver
	Database dialect: H2Dialect
	Database version: 2.4.240
	Default catalog/schema: D1BF4E48-DFF5-4D6F-A466-71644110C737/PUBLIC
	Autocommit mode: undefined/unknown
	Isolation level: READ_COMMITTED [default READ_COMMITTED]
	JDBC fetch size: 100
	Pool: DataSourceConnectionProvider
	Minimum pool size: undefined/unknown
	Maximum pool size: undefined/unknown
2026-01-31T20:16:22.058+05:30  INFO 25568 --- [MovieReservationSystem] [           main] org.hibernate.orm.core                   : HHH000489: No JTA platform available (set 'hibernate.transaction.jta.platform' to enable JTA platform integration)
2026-01-31T20:16:22.068+05:30  INFO 25568 --- [MovieReservationSystem] [           main] j.LocalContainerEntityManagerFactoryBean : Initialized JPA EntityManagerFactory for persistence unit 'default'
2026-01-31T20:16:22.161+05:30  WARN 25568 --- [MovieReservationSystem] [           main] JpaBaseConfiguration$JpaWebConfiguration : spring.jpa.open-in-view is enabled by default. Therefore, database queries may be performed during view rendering. Explicitly configure spring.jpa.open-in-view to disable this warning
2026-01-31T20:16:22.940+05:30  INFO 25568 --- [MovieReservationSystem] [           main] s.MovieReservationSystemApplicationTests : Started MovieReservationSystemApplicationTests in 3.775 seconds (process running for 4.81)
]]></system-out>
  </testcase>
</testsuite>